<?xml version="1.0" encoding="UTF-8"?>
<!-- Generated by org.testng.reporters.JUnitReportReporter -->
<testsuite hostname="LAPTOP-AOT80K1O" failures="0" tests="1" name="org.testing.TestScripts.TC9" time="80.097" errors="0" timestamp="30 Jan 2021 10:09:57 GMT">
  <testcase classname="org.testing.TestScripts.TC9" name="Subscription" time="80.097"/>
</testsuite> <!-- org.testing.TestScripts.TC9 -->
