<?xml version="1.0" encoding="UTF-8"?>
<!-- Generated by org.testng.reporters.JUnitReportReporter -->
<testsuite hostname="LAPTOP-AOT80K1O" failures="0" tests="1" name="org.testing.TestScripts.TC4" time="44.127" errors="0" timestamp="30 Jan 2021 09:39:49 GMT">
  <testcase classname="org.testing.TestScripts.TC4" name="Subscription" time="44.127"/>
</testsuite> <!-- org.testing.TestScripts.TC4 -->
