<?xml version="1.0" encoding="UTF-8"?>
<!-- Generated by org.testng.reporters.JUnitReportReporter -->
<testsuite hostname="LAPTOP-AOT80K1O" failures="0" tests="1" name="org.testing.TestScripts.TC3" time="93.932" errors="0" timestamp="6 Feb 2021 15:17:43 GMT">
  <testcase classname="org.testing.TestScripts.TC3" name="Subscription" time="93.932"/>
</testsuite> <!-- org.testing.TestScripts.TC3 -->
