<?xml version="1.0" encoding="UTF-8"?>
<!-- Generated by org.testng.reporters.JUnitReportReporter -->
<testsuite hostname="LAPTOP-AOT80K1O" failures="0" tests="1" name="org.testing.TestScripts.TC8" time="40.926" errors="0" timestamp="23 Jan 2021 19:45:30 GMT">
  <testcase classname="org.testing.TestScripts.TC8" name="Subscription" time="40.926"/>
</testsuite> <!-- org.testing.TestScripts.TC8 -->
