<?xml version="1.0" encoding="UTF-8"?>
<!-- Generated by org.testng.reporters.JUnitReportReporter -->
<testsuite hostname="LAPTOP-AOT80K1O" failures="0" tests="1" name="org.testing.TestScripts.TC9" time="33.123" errors="0" timestamp="3 Mar 2021 17:57:13 GMT">
  <testcase classname="org.testing.TestScripts.TC9" name="Subscription" time="33.123"/>
</testsuite> <!-- org.testing.TestScripts.TC9 -->
