<?xml version="1.0" encoding="UTF-8"?>
<!-- Generated by org.testng.reporters.JUnitReportReporter -->
<testsuite hostname="LAPTOP-AOT80K1O" failures="0" tests="1" name="org.testing.TestScripts.TC4" time="36.296" errors="0" timestamp="23 Jan 2021 19:33:57 GMT">
  <testcase classname="org.testing.TestScripts.TC4" name="Subscription" time="36.296"/>
</testsuite> <!-- org.testing.TestScripts.TC4 -->
