<?xml version="1.0" encoding="UTF-8"?>
<!-- Generated by org.testng.reporters.JUnitReportReporter -->
<testsuite hostname="LAPTOP-AOT80K1O" failures="0" tests="1" name="org.testing.TestScripts.TC5" time="67.003" errors="0" timestamp="24 Jan 2021 04:30:27 GMT">
  <testcase classname="org.testing.TestScripts.TC5" name="Subscription" time="67.003"/>
</testsuite> <!-- org.testing.TestScripts.TC5 -->
