<?xml version="1.0" encoding="UTF-8"?>
<!-- Generated by org.testng.reporters.JUnitReportReporter -->
<testsuite hostname="LAPTOP-AOT80K1O" failures="0" tests="1" name="org.testing.TestScripts.TC5" time="41.441" errors="0" timestamp="30 Jan 2021 09:41:46 GMT">
  <testcase classname="org.testing.TestScripts.TC5" name="Subscription" time="41.441"/>
</testsuite> <!-- org.testing.TestScripts.TC5 -->
