<?xml version="1.0" encoding="UTF-8"?>
<!-- Generated by org.testng.reporters.JUnitReportReporter -->
<testsuite hostname="LAPTOP-AOT80K1O" failures="0" tests="1" name="org.testing.TestScripts.TC7" time="54.637" errors="0" timestamp="30 Jan 2021 09:49:35 GMT">
  <testcase classname="org.testing.TestScripts.TC7" name="Subscription" time="54.637"/>
</testsuite> <!-- org.testing.TestScripts.TC7 -->
