<?xml version="1.0" encoding="UTF-8"?>
<!-- Generated by org.testng.reporters.JUnitReportReporter -->
<testsuite hostname="LAPTOP-AOT80K1O" failures="0" tests="1" name="org.testing.TestScripts.TC9" time="68.201" errors="0" timestamp="23 Jan 2021 19:51:43 GMT">
  <testcase classname="org.testing.TestScripts.TC9" name="Subscription" time="68.201"/>
</testsuite> <!-- org.testing.TestScripts.TC9 -->
