<?xml version="1.0" encoding="UTF-8"?>
<!-- Generated by org.testng.reporters.JUnitReportReporter -->
<testsuite hostname="LAPTOP-AOT80K1O" failures="0" tests="1" name="org.testing.TestScripts.TC2" time="27.886" errors="0" timestamp="23 Jan 2021 19:28:46 GMT">
  <testcase classname="org.testing.TestScripts.TC2" name="History" time="27.886"/>
</testsuite> <!-- org.testing.TestScripts.TC2 -->
