<?xml version="1.0" encoding="UTF-8"?>
<!-- Generated by org.testng.reporters.JUnitReportReporter -->
<testsuite hostname="LAPTOP-AOT80K1O" failures="0" tests="1" name="org.testing.TestScripts.TC7" time="61.980" errors="0" timestamp="7 Feb 2021 13:55:38 GMT">
  <testcase classname="org.testing.TestScripts.TC7" name="Subscription" time="61.980"/>
</testsuite> <!-- org.testing.TestScripts.TC7 -->
