<?xml version="1.0" encoding="UTF-8"?>
<!-- Generated by org.testng.reporters.JUnitReportReporter -->
<testsuite hostname="LAPTOP-AOT80K1O" failures="0" tests="1" name="org.testing.TestScripts.TC2" time="50.704" errors="0" timestamp="30 Jan 2021 09:32:26 GMT">
  <testcase classname="org.testing.TestScripts.TC2" name="History" time="50.704"/>
</testsuite> <!-- org.testing.TestScripts.TC2 -->
