<?xml version="1.0" encoding="UTF-8"?>
<!-- Generated by org.testng.reporters.JUnitReportReporter -->
<testsuite hostname="LAPTOP-AOT80K1O" failures="0" tests="1" name="org.testing.TestScripts.TC1" time="46.485" errors="0" timestamp="24 Jan 2021 07:00:23 GMT">
  <testcase classname="org.testing.TestScripts.TC1" name="Login" time="46.485"/>
</testsuite> <!-- org.testing.TestScripts.TC1 -->
