<?xml version="1.0" encoding="UTF-8"?>
<!-- Generated by org.testng.reporters.JUnitReportReporter -->
<testsuite hostname="LAPTOP-AOT80K1O" failures="0" tests="1" name="org.testing.TestScripts.TC3" time="41.782" errors="0" timestamp="9 Feb 2021 18:41:16 GMT">
  <testcase classname="org.testing.TestScripts.TC3" name="Subscription" time="41.782"/>
</testsuite> <!-- org.testing.TestScripts.TC3 -->
