<?xml version="1.0" encoding="UTF-8"?>
<!-- Generated by org.testng.reporters.JUnitReportReporter -->
<testsuite hostname="LAPTOP-AOT80K1O" failures="0" tests="1" name="org.testing.TestScripts.TC10" time="63.995" errors="0" timestamp="30 Jan 2021 10:20:47 GMT">
  <testcase classname="org.testing.TestScripts.TC10" name="Subscription" time="63.995"/>
</testsuite> <!-- org.testing.TestScripts.TC10 -->
