<?xml version="1.0" encoding="UTF-8"?>
<!-- Generated by org.testng.reporters.JUnitReportReporter -->
<testsuite hostname="LAPTOP-AOT80K1O" failures="0" tests="1" name="org.testing.TestScripts.TC7" time="45.642" errors="0" timestamp="23 Jan 2021 19:43:13 GMT">
  <testcase classname="org.testing.TestScripts.TC7" name="Subscription" time="45.642"/>
</testsuite> <!-- org.testing.TestScripts.TC7 -->
