<?xml version="1.0" encoding="UTF-8"?>
<!-- Generated by org.testng.reporters.JUnitReportReporter -->
<testsuite hostname="LAPTOP-AOT80K1O" failures="0" tests="1" name="org.testing.TestScripts.TC1" time="29.174" errors="0" timestamp="9 Feb 2021 18:27:14 GMT">
  <testcase classname="org.testing.TestScripts.TC1" name="Login" time="29.174"/>
</testsuite> <!-- org.testing.TestScripts.TC1 -->
