<?xml version="1.0" encoding="UTF-8"?>
<!-- Generated by org.testng.reporters.JUnitReportReporter -->
<testsuite hostname="LAPTOP-AOT80K1O" failures="0" tests="1" name="org.testing.TestScripts.TC1" time="27.654" errors="0" timestamp="9 Feb 2021 18:41:16 GMT">
  <testcase classname="org.testing.TestScripts.TC1" name="Login" time="27.654"/>
</testsuite> <!-- org.testing.TestScripts.TC1 -->
