<?xml version="1.0" encoding="UTF-8"?>
<!-- Generated by org.testng.reporters.JUnitReportReporter -->
<testsuite hostname="LAPTOP-AOT80K1O" failures="0" tests="1" name="org.testing.TestScripts.TC3" time="43.728" errors="0" timestamp="30 Jan 2021 09:35:30 GMT">
  <testcase classname="org.testing.TestScripts.TC3" name="Subscription" time="43.728"/>
</testsuite> <!-- org.testing.TestScripts.TC3 -->
