<?xml version="1.0" encoding="UTF-8"?>
<!-- Generated by org.testng.reporters.JUnitReportReporter -->
<testsuite hostname="LAPTOP-AOT80K1O" failures="0" tests="1" name="org.testing.TestScripts.TC1" time="29.293" errors="0" timestamp="23 Jan 2021 19:27:01 GMT">
  <testcase classname="org.testing.TestScripts.TC1" name="Login" time="29.293"/>
</testsuite> <!-- org.testing.TestScripts.TC1 -->
